2025-12-11T10:15:33+01:00 INFO 192.168.1.10 user:1 req:a1b2c3d4 action=login User logged in successfully
2025-12-11T10:17:05+01:00 ERROR 192.168.1.12 user:2 req:e5f6g7h8 action=create_order order_id=101 amount=49.99 Invalid payment method
2025-12-11T10:25:47+01:00 DEBUG 192.168.1.20 user:4 req:m3n4o5p6 action=cache_clear key=session_42 Cache cleared successfully
2025-12-11T10:35:21+01:00 INFO 192.168.1.10 user:1 req:u1v2w3x4 action=logout User logged out
2025-12-11T10:40:10+01:00 ERROR 192.168.1.12 user:2 req:y5z6a7b8 action=create_order order_id=102 amount=19.99 Stock not available
2025-12-11T10:50:32+01:00 DEBUG 192.168.1.20 user:4 req=g3h4i5j6 action=session_check Session valid
2025-12-12T09:52:22+00:00 INFO ::1 user:- - Init...
2025-12-12T09:52:22+00:00 INFO ::1 user:- - Mostra log
2025-12-12T09:59:48+00:00 INFO ::1 user:- - Init...
2025-12-12T09:59:48+00:00 INFO ::1 user:- - Mostra log
2025-12-12T10:03:28+00:00 INFO ::1 user:- - Init...
2025-12-12T10:03:28+00:00 INFO ::1 user:- - Mostra log
2025-12-12T10:03:28+00:00 INFO ::1 user:- - Init...
2025-12-12T10:04:26+00:00 INFO ::1 user:- - Init...
2025-12-12T10:04:26+00:00 INFO ::1 user:- - Mostra log
2026-01-06T19:20:38+00:00 ERROR ::1 user:- view=>components/card View not found
2026-01-08T10:54:59+00:00 INFO ::1 user:- email=>sad@gmail.com name=>sad Tentativo di registrazione
2026-01-08T14:23:48+00:00 INFO 192.168.0.220 user:- email=>das@dasda.csacsa admin=>no Tentativo di login
2026-01-15T11:13:13+00:00 INFO ::1 user:- method=>GET path=>/note/1 route=>/note/{id} params=>1 Route matched
2026-01-15T11:13:13+00:00 INFO ::1 user:- note_id=>1 Visualizzazione nota
2026-01-15T11:13:13+00:00 WARNING ::1 user:- error=>SQLSTATE[HY000] [2002] No such file or directory Database non disponibile - uso mockup
2026-01-15T11:13:45+00:00 INFO ::1 user:- method=>POST path=>/note/1/like route=>/note/{id}/like params=>1 Route matched
2026-01-15T11:13:45+00:00 INFO ::1 user:- method=>GET path=>/note/1 route=>/note/{id} params=>1 Route matched
2026-01-15T11:13:45+00:00 INFO ::1 user:- note_id=>1 Visualizzazione nota
2026-01-15T11:13:45+00:00 WARNING ::1 user:- error=>SQLSTATE[HY000] [2002] No such file or directory Database non disponibile - uso mockup
2026-01-15T11:14:11+00:00 WARNING ::1 user:- method=>POST path=>/note/1/chat 404 - Route not found
2026-01-15T11:18:20+00:00 WARNING ::1 user:- method=>GET path=>/user/1 404 - Route not found
2026-01-15T11:21:03+00:00 INFO ::1 user:- method=>GET path=>/note/1 route=>/note/{id} params=>1 Route matched
2026-01-15T11:21:03+00:00 INFO ::1 user:- note_id=>1 Visualizzazione nota
2026-01-15T11:21:03+00:00 WARNING ::1 user:- error=>SQLSTATE[HY000] [2002] No such file or directory Database non disponibile - uso mockup
2026-01-15T11:23:22+00:00 WARNING ::1 user:- method=>GET path=>/.well-known/appspecific/com.chrome.devtools.json 404 - Route not found
2026-01-15T11:24:05+00:00 INFO ::1 user:- method=>GET path=>/note/1 route=>/note/{id} params=>1 Route matched
2026-01-15T11:24:05+00:00 INFO ::1 user:- note_id=>1 Visualizzazione nota
2026-01-15T11:24:05+00:00 WARNING ::1 user:- error=>SQLSTATE[HY000] [2002] No such file or directory Database non disponibile - uso mockup
2026-01-15T11:24:05+00:00 WARNING ::1 user:- method=>GET path=>/favicon.ico 404 - Route not found
2026-01-15T11:24:12+00:00 WARNING ::1 user:- method=>GET path=>/.well-known/appspecific/com.chrome.devtools.json 404 - Route not found
2026-01-15T11:25:54+00:00 INFO ::1 user:- method=>GET path=>/note/1 route=>/note/{id} params=>1 Route matched
2026-01-15T11:25:54+00:00 INFO ::1 user:- note_id=>1 Visualizzazione nota
2026-01-15T11:25:54+00:00 WARNING ::1 user:- error=>SQLSTATE[HY000] [2002] No such file or directory Database non disponibile - uso mockup
2026-01-15T11:25:54+00:00 WARNING ::1 user:- method=>GET path=>/.well-known/appspecific/com.chrome.devtools.json 404 - Route not found
2026-01-15T11:25:58+00:00 WARNING ::1 user:- method=>GET path=>/robots.txt 404 - Route not found
2026-01-15T11:26:00+00:00 WARNING ::1 user:- method=>GET path=>/.well-known/appspecific/com.chrome.devtools.json 404 - Route not found
2026-01-15T11:26:00+00:00 WARNING ::1 user:- method=>GET path=>/.well-known/appspecific/com.chrome.devtools.json 404 - Route not found
2026-01-15T11:26:01+00:00 INFO ::1 user:- method=>GET path=>/note/1 route=>/note/{id} params=>1 Route matched
2026-01-15T11:26:01+00:00 INFO ::1 user:- note_id=>1 Visualizzazione nota
2026-01-15T11:26:01+00:00 WARNING ::1 user:- error=>SQLSTATE[HY000] [2002] No such file or directory Database non disponibile - uso mockup
2026-01-15T11:26:01+00:00 WARNING ::1 user:- method=>GET path=>/.well-known/appspecific/com.chrome.devtools.json 404 - Route not found
2026-01-16T15:23:52+00:00 INFO ::1 user:- method=>GET path=>/ route=>/ params=> Route matched
2026-01-16T15:23:52+00:00 WARNING ::1 user:- error=>SQLSTATE[HY000] [2002] No such file or directory Database non disponibile - uso mockup
2026-01-16T15:23:54+00:00 WARNING ::1 user:- method=>GET path=>/favicon.ico 404 - Route not found
2026-01-16T15:25:22+00:00 WARNING ::1 user:- method=>GET path=>/.well-known/appspecific/com.chrome.devtools.json 404 - Route not found
2026-01-16T15:26:30+00:00 INFO ::1 user:- method=>GET path=>/ route=>/ params=> Route matched
2026-01-16T15:26:30+00:00 WARNING ::1 user:- error=>SQLSTATE[HY000] [2002] No such file or directory Database non disponibile - uso mockup
2026-01-16T15:26:30+00:00 WARNING ::1 user:- method=>GET path=>/.well-known/appspecific/com.chrome.devtools.json 404 - Route not found
2026-01-16T15:26:39+00:00 INFO ::1 user:- method=>GET path=>/ route=>/ params=> Route matched
2026-01-16T15:26:39+00:00 WARNING ::1 user:- error=>SQLSTATE[HY000] [2002] No such file or directory Database non disponibile - uso mockup
2026-01-16T15:26:39+00:00 WARNING ::1 user:- method=>GET path=>/.well-known/appspecific/com.chrome.devtools.json 404 - Route not found
2026-01-16T15:26:45+00:00 INFO ::1 user:- method=>GET path=>/ route=>/ params=> Route matched
2026-01-16T15:26:45+00:00 WARNING ::1 user:- error=>SQLSTATE[HY000] [2002] No such file or directory Database non disponibile - uso mockup
2026-01-16T15:26:46+00:00 WARNING ::1 user:- method=>GET path=>/.well-known/appspecific/com.chrome.devtools.json 404 - Route not found
2026-01-16T15:27:13+00:00 INFO ::1 user:- method=>GET path=>/ route=>/ params=> Route matched
2026-01-16T15:27:13+00:00 WARNING ::1 user:- error=>SQLSTATE[HY000] [2002] No such file or directory Database non disponibile - uso mockup
2026-01-16T15:27:13+00:00 WARNING ::1 user:- method=>GET path=>/.well-known/appspecific/com.chrome.devtools.json 404 - Route not found
2026-01-16T15:28:41+00:00 INFO ::1 user:- method=>GET path=>/ route=>/ params=> Route matched
2026-01-16T15:28:41+00:00 WARNING ::1 user:- error=>SQLSTATE[HY000] [2002] No such file or directory Database non disponibile - uso mockup
2026-01-16T15:28:41+00:00 WARNING ::1 user:- method=>GET path=>/.well-known/appspecific/com.chrome.devtools.json 404 - Route not found
2026-01-16T15:28:54+00:00 INFO ::1 user:- method=>GET path=>/ route=>/ params=> Route matched
2026-01-16T15:28:54+00:00 WARNING ::1 user:- error=>SQLSTATE[HY000] [2002] No such file or directory Database non disponibile - uso mockup
2026-01-16T15:28:54+00:00 WARNING ::1 user:- method=>GET path=>/.well-known/appspecific/com.chrome.devtools.json 404 - Route not found
2026-01-16T15:29:12+00:00 INFO ::1 user:- method=>GET path=>/ route=>/ params=> Route matched
2026-01-16T15:29:12+00:00 WARNING ::1 user:- error=>SQLSTATE[HY000] [2002] No such file or directory Database non disponibile - uso mockup
2026-01-16T15:29:12+00:00 WARNING ::1 user:- method=>GET path=>/.well-known/appspecific/com.chrome.devtools.json 404 - Route not found
2026-01-16T15:32:32+00:00 INFO ::1 user:- method=>GET path=>/ route=>/ params=> Route matched
2026-01-16T15:32:32+00:00 WARNING ::1 user:- error=>SQLSTATE[HY000] [2002] No such file or directory Database non disponibile - uso mockup
2026-01-16T15:32:32+00:00 WARNING ::1 user:- method=>GET path=>/.well-known/appspecific/com.chrome.devtools.json 404 - Route not found
2026-01-16T15:32:44+00:00 INFO ::1 user:- method=>GET path=>/ route=>/ params=> Route matched
2026-01-16T15:32:44+00:00 WARNING ::1 user:- error=>SQLSTATE[HY000] [2002] No such file or directory Database non disponibile - uso mockup
2026-01-16T15:32:44+00:00 WARNING ::1 user:- method=>GET path=>/.well-known/appspecific/com.chrome.devtools.json 404 - Route not found
2026-01-16T15:32:56+00:00 INFO ::1 user:- method=>GET path=>/ route=>/ params=> Route matched
2026-01-16T15:32:56+00:00 WARNING ::1 user:- error=>SQLSTATE[HY000] [2002] No such file or directory Database non disponibile - uso mockup
2026-01-16T15:32:56+00:00 WARNING ::1 user:- method=>GET path=>/.well-known/appspecific/com.chrome.devtools.json 404 - Route not found
2026-01-16T15:33:47+00:00 INFO ::1 user:- method=>GET path=>/ route=>/ params=> Route matched
2026-01-16T15:33:47+00:00 WARNING ::1 user:- error=>SQLSTATE[HY000] [2002] No such file or directory Database non disponibile - uso mockup
2026-01-16T15:33:47+00:00 WARNING ::1 user:- method=>GET path=>/.well-known/appspecific/com.chrome.devtools.json 404 - Route not found
2026-01-16T15:34:09+00:00 INFO ::1 user:- method=>GET path=>/ route=>/ params=> Route matched
2026-01-16T15:34:09+00:00 WARNING ::1 user:- error=>SQLSTATE[HY000] [2002] No such file or directory Database non disponibile - uso mockup
2026-01-16T15:34:09+00:00 WARNING ::1 user:- method=>GET path=>/.well-known/appspecific/com.chrome.devtools.json 404 - Route not found
2026-01-16T15:34:30+00:00 INFO ::1 user:- method=>GET path=>/ route=>/ params=> Route matched
2026-01-16T15:34:30+00:00 WARNING ::1 user:- error=>SQLSTATE[HY000] [2002] No such file or directory Database non disponibile - uso mockup
2026-01-16T15:34:30+00:00 WARNING ::1 user:- method=>GET path=>/.well-known/appspecific/com.chrome.devtools.json 404 - Route not found
2026-01-16T15:34:37+00:00 INFO ::1 user:- method=>GET path=>/ route=>/ params=> Route matched
2026-01-16T15:34:37+00:00 WARNING ::1 user:- error=>SQLSTATE[HY000] [2002] No such file or directory Database non disponibile - uso mockup
2026-01-16T15:34:37+00:00 WARNING ::1 user:- method=>GET path=>/.well-known/appspecific/com.chrome.devtools.json 404 - Route not found
2026-01-16T15:36:53+00:00 INFO ::1 user:- method=>GET path=>/ route=>/ params=> Route matched
2026-01-16T15:36:53+00:00 WARNING ::1 user:- error=>SQLSTATE[HY000] [2002] No such file or directory Database non disponibile - uso mockup
2026-01-16T15:36:54+00:00 WARNING ::1 user:- method=>GET path=>/.well-known/appspecific/com.chrome.devtools.json 404 - Route not found
2026-01-16T15:37:06+00:00 INFO ::1 user:- method=>GET path=>/ route=>/ params=> Route matched
2026-01-16T15:37:06+00:00 WARNING ::1 user:- error=>SQLSTATE[HY000] [2002] No such file or directory Database non disponibile - uso mockup
2026-01-16T15:37:06+00:00 WARNING ::1 user:- method=>GET path=>/.well-known/appspecific/com.chrome.devtools.json 404 - Route not found
2026-01-16T15:37:13+00:00 INFO ::1 user:- method=>GET path=>/ route=>/ params=> Route matched
2026-01-16T15:37:13+00:00 WARNING ::1 user:- error=>SQLSTATE[HY000] [2002] No such file or directory Database non disponibile - uso mockup
2026-01-16T15:37:13+00:00 WARNING ::1 user:- method=>GET path=>/.well-known/appspecific/com.chrome.devtools.json 404 - Route not found
2026-01-16T15:37:20+00:00 INFO ::1 user:- method=>GET path=>/ route=>/ params=> Route matched
2026-01-16T15:37:20+00:00 WARNING ::1 user:- error=>SQLSTATE[HY000] [2002] No such file or directory Database non disponibile - uso mockup
2026-01-16T15:37:20+00:00 WARNING ::1 user:- method=>GET path=>/.well-known/appspecific/com.chrome.devtools.json 404 - Route not found
2026-01-16T15:37:28+00:00 INFO ::1 user:- method=>GET path=>/ route=>/ params=> Route matched
2026-01-16T15:37:28+00:00 WARNING ::1 user:- error=>SQLSTATE[HY000] [2002] No such file or directory Database non disponibile - uso mockup
2026-01-16T15:37:28+00:00 WARNING ::1 user:- method=>GET path=>/.well-known/appspecific/com.chrome.devtools.json 404 - Route not found
2026-01-16T15:38:44+00:00 INFO ::1 user:- method=>GET path=>/ route=>/ params=> Route matched
2026-01-16T15:38:44+00:00 WARNING ::1 user:- error=>SQLSTATE[HY000] [2002] No such file or directory Database non disponibile - uso mockup
2026-01-16T15:38:44+00:00 WARNING ::1 user:- method=>GET path=>/.well-known/appspecific/com.chrome.devtools.json 404 - Route not found
2026-01-16T15:39:00+00:00 INFO ::1 user:- method=>GET path=>/ route=>/ params=> Route matched
2026-01-16T15:39:00+00:00 WARNING ::1 user:- error=>SQLSTATE[HY000] [2002] No such file or directory Database non disponibile - uso mockup
2026-01-16T15:39:00+00:00 WARNING ::1 user:- method=>GET path=>/.well-known/appspecific/com.chrome.devtools.json 404 - Route not found
2026-01-16T15:39:10+00:00 INFO ::1 user:- method=>GET path=>/ route=>/ params=> Route matched
2026-01-16T15:39:10+00:00 WARNING ::1 user:- error=>SQLSTATE[HY000] [2002] No such file or directory Database non disponibile - uso mockup
2026-01-16T15:39:10+00:00 WARNING ::1 user:- method=>GET path=>/.well-known/appspecific/com.chrome.devtools.json 404 - Route not found
2026-01-16T15:39:17+00:00 INFO ::1 user:- method=>GET path=>/ route=>/ params=> Route matched
2026-01-16T15:39:17+00:00 WARNING ::1 user:- error=>SQLSTATE[HY000] [2002] No such file or directory Database non disponibile - uso mockup
2026-01-16T15:39:17+00:00 WARNING ::1 user:- method=>GET path=>/.well-known/appspecific/com.chrome.devtools.json 404 - Route not found
2026-01-16T15:39:23+00:00 INFO ::1 user:- method=>GET path=>/ route=>/ params=> Route matched
2026-01-16T15:39:23+00:00 WARNING ::1 user:- error=>SQLSTATE[HY000] [2002] No such file or directory Database non disponibile - uso mockup
2026-01-16T15:39:23+00:00 WARNING ::1 user:- method=>GET path=>/.well-known/appspecific/com.chrome.devtools.json 404 - Route not found
2026-01-16T15:39:59+00:00 INFO ::1 user:- method=>GET path=>/ route=>/ params=> Route matched
2026-01-16T15:39:59+00:00 WARNING ::1 user:- error=>SQLSTATE[HY000] [2002] No such file or directory Database non disponibile - uso mockup
2026-01-16T15:39:59+00:00 WARNING ::1 user:- method=>GET path=>/.well-known/appspecific/com.chrome.devtools.json 404 - Route not found
2026-01-16T15:41:40+00:00 INFO ::1 user:- method=>GET path=>/ route=>/ params=> Route matched
2026-01-16T15:41:40+00:00 WARNING ::1 user:- error=>SQLSTATE[HY000] [2002] No such file or directory Database non disponibile - uso mockup
2026-01-16T15:41:40+00:00 WARNING ::1 user:- method=>GET path=>/.well-known/appspecific/com.chrome.devtools.json 404 - Route not found
2026-01-16T16:42:35+00:00 INFO ::1 user:- method=>GET path=>/ route=>/ params=> Route matched
2026-01-16T16:42:35+00:00 ERROR ::1 user:- view=>section-header View not found
2026-01-16T16:43:41+00:00 INFO ::1 user:- method=>GET path=>/ route=>/ params=> Route matched
2026-01-16T16:43:41+00:00 ERROR ::1 user:- view=>Base/section-header View not found
2026-01-16T16:44:08+00:00 INFO ::1 user:- method=>GET path=>/ route=>/ params=> Route matched
2026-01-16T16:44:08+00:00 ERROR ::1 user:- view=>card-grid View not found
2026-01-16T16:45:12+00:00 INFO ::1 user:- method=>GET path=>/ route=>/ params=> Route matched
2026-01-16T16:45:12+00:00 ERROR ::1 user:- view=>search-form View not found
2026-01-16T16:45:29+00:00 INFO ::1 user:- method=>GET path=>/ route=>/ params=> Route matched
2026-01-16T16:45:29+00:00 ERROR ::1 user:- view=>search-form View not found
2026-01-16T16:45:30+00:00 INFO ::1 user:- method=>GET path=>/ route=>/ params=> Route matched
2026-01-16T16:45:30+00:00 ERROR ::1 user:- view=>search-form View not found
2026-01-16T16:45:35+00:00 INFO ::1 user:- method=>GET path=>/ route=>/ params=> Route matched
2026-01-16T16:45:35+00:00 ERROR ::1 user:- view=>Forms/search-form View not found
2026-01-16T16:45:46+00:00 INFO ::1 user:- method=>GET path=>/ route=>/ params=> Route matched
2026-01-16T16:51:23+00:00 INFO ::1 user:- method=>GET path=>/ route=>/ params=> Route matched
2026-01-16T17:18:24+00:00 INFO ::1 user:- method=>GET path=>/search route=>/search params=> Route matched
2026-01-16T17:18:24+00:00 INFO ::1 user:- join=>Array Aggiunta join con successo
2026-01-16T17:18:24+00:00 INFO ::1 user:- join=>Array Aggiunta join con successo
2026-01-16T17:18:24+00:00 INFO ::1 user:- condition=>Array Aggiunta condizione where con successo
2026-01-16T17:18:24+00:00 INFO ::1 user:- condition=>Array Aggiunta condizione where con successo
2026-01-16T17:20:12+00:00 INFO ::1 user:- method=>GET path=>/search route=>/search params=> Route matched
2026-01-16T17:20:12+00:00 INFO ::1 user:- join=>Array Aggiunta join con successo
2026-01-16T17:20:12+00:00 INFO ::1 user:- join=>Array Aggiunta join con successo
2026-01-16T17:20:12+00:00 INFO ::1 user:- condition=>Array Aggiunta condizione where con successo
2026-01-16T17:20:12+00:00 INFO ::1 user:- condition=>Array Aggiunta condizione where con successo
2026-01-16T17:20:14+00:00 INFO ::1 user:- method=>GET path=>/search route=>/search params=> Route matched
2026-01-16T17:20:14+00:00 INFO ::1 user:- join=>Array Aggiunta join con successo
2026-01-16T17:20:14+00:00 INFO ::1 user:- join=>Array Aggiunta join con successo
2026-01-16T17:20:14+00:00 INFO ::1 user:- condition=>Array Aggiunta condizione where con successo
2026-01-16T17:20:14+00:00 INFO ::1 user:- condition=>Array Aggiunta condizione where con successo
2026-01-16T17:20:17+00:00 INFO ::1 user:- method=>GET path=>/search route=>/search params=> Route matched
2026-01-16T17:20:17+00:00 INFO ::1 user:- join=>Array Aggiunta join con successo
2026-01-16T17:20:17+00:00 INFO ::1 user:- join=>Array Aggiunta join con successo
2026-01-16T17:20:17+00:00 INFO ::1 user:- condition=>Array Aggiunta condizione where con successo
2026-01-16T17:20:17+00:00 INFO ::1 user:- condition=>Array Aggiunta condizione where con successo
2026-01-16T17:20:17+00:00 INFO ::1 user:- method=>GET path=>/search route=>/search params=> Route matched
2026-01-16T17:20:17+00:00 INFO ::1 user:- join=>Array Aggiunta join con successo
2026-01-16T17:20:17+00:00 INFO ::1 user:- join=>Array Aggiunta join con successo
2026-01-16T17:20:17+00:00 INFO ::1 user:- condition=>Array Aggiunta condizione where con successo
2026-01-16T17:20:17+00:00 INFO ::1 user:- condition=>Array Aggiunta condizione where con successo
2026-01-16T17:20:17+00:00 INFO ::1 user:- method=>GET path=>/search route=>/search params=> Route matched
2026-01-16T17:20:17+00:00 INFO ::1 user:- join=>Array Aggiunta join con successo
2026-01-16T17:20:17+00:00 INFO ::1 user:- join=>Array Aggiunta join con successo
2026-01-16T17:20:17+00:00 INFO ::1 user:- condition=>Array Aggiunta condizione where con successo
2026-01-16T17:20:17+00:00 INFO ::1 user:- condition=>Array Aggiunta condizione where con successo
2026-01-16T17:20:29+00:00 WARNING ::1 user:- method=>GET path=>/phpmyadmin 404 - Route not found
2026-01-16T17:20:36+00:00 WARNING ::1 user:- method=>GET path=>/phpMyAdmin 404 - Route not found
2026-01-16T17:20:40+00:00 INFO ::1 user:- method=>GET path=>/ route=>/ params=> Route matched
2026-01-16T17:20:54+00:00 WARNING ::1 user:- method=>GET path=>/phpmyadmin 404 - Route not found
2026-01-16T17:21:35+00:00 WARNING ::1 user:- method=>GET path=>/phpmyadmin 404 - Route not found
2026-01-16T17:21:48+00:00 WARNING ::1 user:- method=>GET path=>/phpmyadmin 404 - Route not found
2026-01-16T17:21:57+00:00 WARNING ::1 user:- method=>GET path=>/phpmyadmin 404 - Route not found
2026-01-16T17:22:27+00:00 WARNING ::1 user:- method=>GET path=>/phpmyadmin 404 - Route not found
2026-01-16T17:22:35+00:00 INFO ::1 user:- method=>GET path=>/ route=>/ params=> Route matched
2026-01-16T17:22:36+00:00 INFO ::1 user:- method=>GET path=>/ route=>/ params=> Route matched
2026-01-16T17:22:41+00:00 INFO ::1 user:- method=>GET path=>/search route=>/search params=> Route matched
2026-01-16T17:22:41+00:00 INFO ::1 user:- join=>Array Aggiunta join con successo
2026-01-16T17:22:41+00:00 INFO ::1 user:- join=>Array Aggiunta join con successo
2026-01-16T17:22:41+00:00 INFO ::1 user:- condition=>Array Aggiunta condizione where con successo
2026-01-16T17:22:41+00:00 INFO ::1 user:- condition=>Array Aggiunta condizione where con successo
2026-01-16T17:22:41+00:00 ERROR ::1 user:- error=>SQLSTATE[HY000] [2002] No such file or directory dsn=>mysql:host=localhost;dbname=uninotes;charset=utf8 Connessione al database fallita
2026-01-16T17:23:39+00:00 INFO ::1 user:- method=>GET path=>/search route=>/search params=> Route matched
2026-01-16T17:23:39+00:00 INFO ::1 user:- join=>Array Aggiunta join con successo
2026-01-16T17:23:39+00:00 INFO ::1 user:- join=>Array Aggiunta join con successo
2026-01-16T17:23:39+00:00 INFO ::1 user:- condition=>Array Aggiunta condizione where con successo
2026-01-16T17:23:39+00:00 INFO ::1 user:- condition=>Array Aggiunta condizione where con successo
2026-01-16T17:23:45+00:00 WARNING ::1 user:- method=>GET path=>/phpmyadmin 404 - Route not found
2026-01-16T17:23:51+00:00 INFO ::1 user:- method=>GET path=>/search route=>/search params=> Route matched
2026-01-16T17:23:51+00:00 INFO ::1 user:- join=>Array Aggiunta join con successo
2026-01-16T17:23:51+00:00 INFO ::1 user:- join=>Array Aggiunta join con successo
2026-01-16T17:23:51+00:00 INFO ::1 user:- condition=>Array Aggiunta condizione where con successo
2026-01-16T17:23:51+00:00 INFO ::1 user:- condition=>Array Aggiunta condizione where con successo
2026-01-16T17:25:29+00:00 INFO ::1 user:- method=>GET path=>/search route=>/search params=> Route matched
2026-01-16T17:25:29+00:00 INFO ::1 user:- join=>Array Aggiunta join con successo
2026-01-16T17:25:29+00:00 INFO ::1 user:- join=>Array Aggiunta join con successo
2026-01-16T17:25:29+00:00 INFO ::1 user:- condition=>Array Aggiunta condizione where con successo
2026-01-16T17:25:29+00:00 INFO ::1 user:- condition=>Array Aggiunta condizione where con successo
2026-01-16T17:25:40+00:00 WARNING ::1 user:- method=>GET path=>/phpmyadmin 404 - Route not found
2026-01-16T17:25:44+00:00 WARNING ::1 user:- method=>GET path=>/phpmyadmin 404 - Route not found
2026-01-16T17:25:45+00:00 WARNING ::1 user:- method=>GET path=>/phpmyadmin 404 - Route not found
2026-01-16T17:25:45+00:00 WARNING ::1 user:- method=>GET path=>/phpmyadmin 404 - Route not found
2026-01-16T17:25:45+00:00 WARNING ::1 user:- method=>GET path=>/phpmyadmin 404 - Route not found
2026-01-16T17:25:46+00:00 WARNING ::1 user:- method=>GET path=>/phpmyadmin 404 - Route not found
2026-01-16T17:26:34+00:00 WARNING ::1 user:- method=>GET path=>/phpmyadmin 404 - Route not found
2026-01-16T17:26:46+00:00 WARNING ::1 user:- method=>GET path=>/phpmyadmin 404 - Route not found
2026-01-16T17:28:28+00:00 INFO ::1 user:- method=>GET path=>/ route=>/ params=> Route matched
2026-01-18T16:02:29+00:00 INFO ::1 user:- method=>GET path=>/login route=>/login params=> Route matched
2026-01-18T16:03:12+00:00 INFO ::1 user:- method=>GET path=>/login route=>/login params=> Route matched
2026-01-18T16:04:07+00:00 INFO ::1 user:- method=>GET path=>/login route=>/login params=> Route matched
2026-01-18T16:04:44+00:00 INFO ::1 user:- method=>GET path=>/login route=>/login params=> Route matched
2026-01-18T16:04:44+00:00 ERROR ::1 user:- view=>Base/header View not found
2026-01-18T16:05:16+00:00 INFO ::1 user:- method=>GET path=>/login route=>/login params=> Route matched
2026-01-18T16:05:16+00:00 ERROR ::1 user:- view=>Base/header View not found
2026-01-18T16:06:00+00:00 INFO ::1 user:- method=>GET path=>/login route=>/login params=> Route matched
2026-01-18T16:06:00+00:00 ERROR ::1 user:- view=>Base/header View not found
2026-01-18T16:06:01+00:00 INFO ::1 user:- method=>GET path=>/login route=>/login params=> Route matched
2026-01-18T16:06:01+00:00 ERROR ::1 user:- view=>Base/header View not found
2026-01-18T16:06:02+00:00 INFO ::1 user:- method=>GET path=>/login route=>/login params=> Route matched
2026-01-18T16:06:02+00:00 ERROR ::1 user:- view=>Base/header View not found
2026-01-18T16:06:02+00:00 INFO ::1 user:- method=>GET path=>/login route=>/login params=> Route matched
2026-01-18T16:06:02+00:00 ERROR ::1 user:- view=>Base/header View not found
2026-01-18T16:06:02+00:00 INFO ::1 user:- method=>GET path=>/login route=>/login params=> Route matched
2026-01-18T16:06:02+00:00 ERROR ::1 user:- view=>Base/header View not found
2026-01-18T16:06:09+00:00 INFO ::1 user:- method=>GET path=>/ route=>/ params=> Route matched
2026-01-18T16:06:48+00:00 INFO ::1 user:- method=>GET path=>/ route=>/ params=> Route matched
2026-01-18T16:06:48+00:00 INFO ::1 user:- method=>GET path=>/ route=>/ params=> Route matched
2026-01-18T16:06:55+00:00 INFO ::1 user:- method=>GET path=>/ route=>/ params=> Route matched
2026-01-18T16:08:04+00:00 INFO ::1 user:- method=>GET path=>/ route=>/ params=> Route matched
2026-01-18T16:08:04+00:00 ERROR ::1 user:- view=>Base/header View not found
2026-01-18T16:09:05+00:00 INFO ::1 user:- method=>GET path=>/ route=>/ params=> Route matched
2026-01-18T16:09:06+00:00 INFO ::1 user:- method=>GET path=>/login route=>/login params=> Route matched
2026-01-18T16:09:08+00:00 INFO ::1 user:- method=>GET path=>/ route=>/ params=> Route matched
2026-01-18T16:10:02+00:00 INFO ::1 user:- method=>GET path=>/ route=>/ params=> Route matched
2026-01-18T16:10:02+00:00 ERROR ::1 user:- view=>/home/simo/Desktop/UniNotes/App/View/Components/Base/header.php View not found
2026-01-18T16:10:05+00:00 INFO ::1 user:- method=>GET path=>/ route=>/ params=> Route matched
2026-01-18T16:10:05+00:00 ERROR ::1 user:- view=>Base/header View not found
2026-01-18T16:10:46+00:00 INFO ::1 user:- method=>GET path=>/ route=>/ params=> Route matched
2026-01-18T16:10:46+00:00 INFO ::1 user:- method=>GET path=>/ route=>/ params=> Route matched
2026-01-18T16:11:25+00:00 INFO ::1 user:- method=>GET path=>/ route=>/ params=> Route matched
2026-01-18T16:11:33+00:00 INFO ::1 user:- method=>GET path=>/ route=>/ params=> Route matched
2026-01-18T16:11:42+00:00 INFO ::1 user:- method=>GET path=>/ route=>/ params=> Route matched
2026-01-18T16:11:45+00:00 INFO ::1 user:- method=>GET path=>/ route=>/ params=> Route matched
2026-01-18T16:11:49+00:00 INFO ::1 user:- method=>GET path=>/ route=>/ params=> Route matched
2026-01-18T16:12:43+00:00 INFO ::1 user:- method=>GET path=>/ route=>/ params=> Route matched
2026-01-18T16:15:33+00:00 INFO ::1 user:- method=>GET path=>/ route=>/ params=> Route matched
2026-01-18T16:15:34+00:00 INFO ::1 user:- method=>GET path=>/login route=>/login params=> Route matched
2026-01-18T16:15:35+00:00 INFO ::1 user:- method=>GET path=>/login route=>/login params=> Route matched
2026-01-18T23:35:19+00:00 INFO ::1 user:- method=>GET path=>/ route=>/ params=> Route matched
2026-01-18T23:35:25+00:00 WARNING ::1 user:- method=>GET path=>/note 404 - Route not found
2026-01-18T23:35:27+00:00 INFO ::1 user:- method=>GET path=>/note/1 route=>/note/{id} params=>1 Route matched
2026-01-18T23:35:27+00:00 INFO ::1 user:- note_id=>1 Visualizzazione nota
2026-01-18T23:35:27+00:00 WARNING ::1 user:- error=>SQLSTATE[HY000] [2002] Connection refused Database non disponibile - uso mockup
2026-01-18T23:36:53+00:00 WARNING ::1 user:- method=>GET path=>/note 404 - Route not found
2026-01-18T23:36:57+00:00 INFO ::1 user:- method=>GET path=>/login route=>/login params=> Route matched
2026-01-18T23:36:58+00:00 INFO ::1 user:- method=>GET path=>/register route=>/register params=> Route matched
2026-01-18T23:36:59+00:00 INFO ::1 user:- method=>GET path=>/login route=>/login params=> Route matched
2026-01-18T23:44:21+00:00 INFO ::1 user:- method=>GET path=>/ route=>/ params=> Route matched
2026-01-18T23:44:23+00:00 INFO ::1 user:- method=>GET path=>/login route=>/login params=> Route matched
2026-01-18T23:44:45+00:00 INFO ::1 user:- method=>GET path=>/login route=>/login params=> Route matched
2026-01-18T23:45:32+00:00 INFO ::1 user:- method=>GET path=>/login route=>/login params=> Route matched
2026-01-18T23:45:38+00:00 INFO ::1 user:- method=>GET path=>/register route=>/register params=> Route matched
2026-01-18T23:45:40+00:00 INFO ::1 user:- method=>GET path=>/login route=>/login params=> Route matched
2026-01-18T23:46:04+00:00 INFO ::1 user:- method=>GET path=>/login route=>/login params=> Route matched
2026-01-18T23:51:14+00:00 INFO ::1 user:- method=>GET path=>/login route=>/login params=> Route matched
2026-01-18T23:51:15+00:00 INFO ::1 user:- method=>GET path=>/ route=>/ params=> Route matched
2026-01-18T23:55:31+00:00 INFO ::1 user:- method=>GET path=>/ route=>/ params=> Route matched
2026-01-18T23:55:33+00:00 INFO ::1 user:- method=>GET path=>/ route=>/ params=> Route matched
2026-01-18T23:55:33+00:00 INFO ::1 user:- method=>GET path=>/login route=>/login params=> Route matched
2026-01-18T23:55:38+00:00 INFO ::1 user:- method=>GET path=>/ route=>/ params=> Route matched
2026-01-18T23:56:37+00:00 INFO ::1 user:- method=>GET path=>/ route=>/ params=> Route matched
2026-01-18T23:57:03+00:00 INFO ::1 user:- method=>GET path=>/ route=>/ params=> Route matched
2026-01-18T23:58:10+00:00 INFO ::1 user:- method=>GET path=>/ route=>/ params=> Route matched
2026-01-18T23:58:17+00:00 INFO ::1 user:- method=>GET path=>/ route=>/ params=> Route matched
2026-01-19T00:02:02+00:00 INFO - user:- condition=>{"column":"visibility","operator":"=","value":"public","and":true} Aggiunta condizione where con successo
2026-01-19T00:02:02+00:00 ERROR - user:- error=>SQLSTATE[HY000] [1698] Access denied for user 'root'@'localhost' dsn=>mysql:host=localhost;port=3306;dbname=uninotes;charset=utf8mb4 Connessione al database fallita
2026-01-19T00:02:28+00:00 INFO ::1 user:- method=>GET path=>/ route=>/ params=> Route matched
2026-01-19T00:03:07+00:00 INFO ::1 user:- method=>GET path=>/ route=>/ params=> Route matched
2026-01-19T00:03:08+00:00 INFO ::1 user:- method=>GET path=>/ route=>/ params=> Route matched
2026-01-19T00:03:43+00:00 INFO ::1 user:- method=>GET path=>/ route=>/ params=> Route matched
2026-01-19T00:03:45+00:00 INFO ::1 user:- method=>GET path=>/ route=>/ params=> Route matched
2026-01-19T00:05:47+00:00 INFO ::1 user:- method=>GET path=>/ route=>/ params=> Route matched
2026-01-19T00:05:59+00:00 INFO - user:- per_page=>5 page=>1 getAllNotes chiamato
2026-01-19T00:05:59+00:00 INFO - user:- join=>{"type":"INNER","table":"USER","first":"NOTE.student_id","operator":"=","second":"USER.id"} Aggiunta join con successo
2026-01-19T00:05:59+00:00 INFO - user:- condition=>{"column":"NOTE.deleted_at","operator":"IS","value":null,"and":true} Aggiunta condizione where con successo
2026-01-19T00:05:59+00:00 INFO - user:- condition=>{"column":"NOTE.visibility","operator":"=","value":"public","and":true} Aggiunta condizione where con successo
2026-01-19T00:05:59+00:00 INFO - user:- condition=>ORDER BY created_at DESC Aggiunta condizione order_by con successo
2026-01-19T00:05:59+00:00 INFO - user:- host=>localhost port=>3306 database=>uninotes Connessione al database riuscita
2026-01-19T00:05:59+00:00 INFO - user:- - Rilasciata istanza database a user
2026-01-19T00:05:59+00:00 INFO - user:- query=>SELECT NOTE.*, USER.name AS student_name FROM NOTE INNER JOIN USER ON NOTE.student_id = USER.id WHERE NOTE.deleted_at IS NULL AND NOTE.visibility = ? ORDER BY created_at DESC LIMIT 5 OFFSET 0 Query eseguita con successo
2026-01-19T00:05:59+00:00 INFO - user:- - Rilasciata istanza database a user
2026-01-19T00:05:59+00:00 INFO - user:- count=>5 getAllNotes risultato
2026-01-19T00:06:03+00:00 INFO - user:- per_page=>5 page=>1 getAllNotes chiamato
2026-01-19T00:06:03+00:00 INFO - user:- join=>{"type":"INNER","table":"USER","first":"NOTE.student_id","operator":"=","second":"USER.id"} Aggiunta join con successo
2026-01-19T00:06:03+00:00 INFO - user:- condition=>{"column":"NOTE.deleted_at","operator":"IS","value":null,"and":true} Aggiunta condizione where con successo
2026-01-19T00:06:03+00:00 INFO - user:- condition=>{"column":"NOTE.visibility","operator":"=","value":"public","and":true} Aggiunta condizione where con successo
2026-01-19T00:06:03+00:00 INFO - user:- condition=>ORDER BY created_at DESC Aggiunta condizione order_by con successo
2026-01-19T00:06:03+00:00 INFO - user:- host=>localhost port=>3306 database=>uninotes Connessione al database riuscita
2026-01-19T00:06:03+00:00 INFO - user:- - Rilasciata istanza database a user
2026-01-19T00:06:03+00:00 INFO - user:- query=>SELECT NOTE.*, USER.name AS student_name FROM NOTE INNER JOIN USER ON NOTE.student_id = USER.id WHERE NOTE.deleted_at IS NULL AND NOTE.visibility = ? ORDER BY created_at DESC LIMIT 5 OFFSET 0 Query eseguita con successo
2026-01-19T00:06:03+00:00 INFO - user:- - Rilasciata istanza database a user
2026-01-19T00:06:03+00:00 INFO - user:- count=>5 getAllNotes risultato
2026-01-19T00:06:10+00:00 INFO - user:- per_page=>5 page=>1 getAllNotes chiamato
2026-01-19T00:06:10+00:00 INFO - user:- join=>{"type":"INNER","table":"USER","first":"NOTE.student_id","operator":"=","second":"USER.id"} Aggiunta join con successo
2026-01-19T00:06:10+00:00 INFO - user:- condition=>{"column":"NOTE.deleted_at","operator":"IS","value":null,"and":true} Aggiunta condizione where con successo
2026-01-19T00:06:10+00:00 INFO - user:- condition=>{"column":"NOTE.visibility","operator":"=","value":"public","and":true} Aggiunta condizione where con successo
2026-01-19T00:06:10+00:00 INFO - user:- condition=>ORDER BY created_at DESC Aggiunta condizione order_by con successo
2026-01-19T00:06:10+00:00 INFO - user:- host=>localhost port=>3306 database=>uninotes Connessione al database riuscita
2026-01-19T00:06:10+00:00 INFO - user:- - Rilasciata istanza database a user
2026-01-19T00:06:10+00:00 INFO - user:- query=>SELECT NOTE.*, USER.name AS student_name FROM NOTE INNER JOIN USER ON NOTE.student_id = USER.id WHERE NOTE.deleted_at IS NULL AND NOTE.visibility = ? ORDER BY created_at DESC LIMIT 5 OFFSET 0 Query eseguita con successo
2026-01-19T00:06:10+00:00 INFO - user:- - Rilasciata istanza database a user
2026-01-19T00:06:10+00:00 INFO - user:- count=>5 getAllNotes risultato
2026-01-19T00:06:49+00:00 INFO - user:- per_page=>5 page=>1 getAllNotes chiamato
2026-01-19T00:06:49+00:00 INFO - user:- join=>{"type":"INNER","table":"USER","first":"NOTE.student_id","operator":"=","second":"USER.id"} Aggiunta join con successo
2026-01-19T00:06:49+00:00 INFO - user:- condition=>{"column":"NOTE.deleted_at","operator":"IS","value":null,"and":true} Aggiunta condizione where con successo
2026-01-19T00:06:49+00:00 INFO - user:- condition=>{"column":"NOTE.visibility","operator":"=","value":"public","and":true} Aggiunta condizione where con successo
2026-01-19T00:06:49+00:00 INFO - user:- condition=>ORDER BY created_at DESC Aggiunta condizione order_by con successo
2026-01-19T00:06:49+00:00 INFO - user:- host=>localhost port=>3306 database=>uninotes Connessione al database riuscita
2026-01-19T00:06:49+00:00 INFO - user:- - Rilasciata istanza database a user
2026-01-19T00:06:49+00:00 INFO - user:- query=>SELECT NOTE.*, USER.name AS student_name FROM NOTE INNER JOIN USER ON NOTE.student_id = USER.id WHERE NOTE.deleted_at IS NULL AND NOTE.visibility = ? ORDER BY created_at DESC LIMIT 5 OFFSET 0 Query eseguita con successo
2026-01-19T00:06:49+00:00 INFO - user:- - Rilasciata istanza database a user
2026-01-19T00:06:49+00:00 INFO - user:- count=>5 getAllNotes risultato
2026-01-19T00:07:11+00:00 INFO ::1 user:- method=>GET path=>/login route=>/login params=> Route matched
2026-01-19T00:07:35+00:00 INFO ::1 user:- method=>POST path=>/login route=>/login params=> Route matched
2026-01-19T00:07:35+00:00 INFO ::1 user:- email=>alice@uninotes.it Tentativo di login
2026-01-19T00:07:35+00:00 INFO ::1 user:- condition=>{"column":"email","operator":"=","value":"alice@uninotes.it","and":true} Aggiunta condizione where con successo
2026-01-19T00:07:35+00:00 INFO ::1 user:- condition=>LIMIT 1 Aggiunta condizione where con successo
2026-01-19T00:07:35+00:00 INFO ::1 user:- host=>localhost port=>3306 database=>uninotes Connessione al database riuscita
2026-01-19T00:07:35+00:00 INFO ::1 user:- - Rilasciata istanza database a user
2026-01-19T00:07:35+00:00 INFO ::1 user:- query=>SELECT * FROM USER WHERE email = ? LIMIT 1 Query eseguita con successo
2026-01-19T00:08:46+00:00 INFO ::1 user:- method=>GET path=>/login route=>/login params=> Route matched
2026-01-19T00:08:55+00:00 INFO ::1 user:- method=>POST path=>/login route=>/login params=> Route matched
2026-01-19T00:08:55+00:00 INFO ::1 user:- email=>alice@uninotes.it Tentativo di login
2026-01-19T00:09:39+00:00 INFO ::1 user:- method=>GET path=>/login route=>/login params=> Route matched
2026-01-19T00:09:46+00:00 INFO ::1 user:- method=>POST path=>/login route=>/login params=> Route matched
2026-01-19T00:09:46+00:00 INFO ::1 user:- email=>alice@uninotes.it Tentativo di login
2026-01-19T00:09:46+00:00 INFO ::1 user:- condition=>{"column":"email","operator":"=","value":"alice@uninotes.it","and":true} Aggiunta condizione where con successo
2026-01-19T00:09:46+00:00 INFO ::1 user:- condition=>LIMIT 1 Aggiunta condizione where con successo
2026-01-19T00:09:46+00:00 INFO ::1 user:- host=>localhost port=>3306 database=>uninotes Connessione al database riuscita
2026-01-19T00:09:46+00:00 INFO ::1 user:- - Rilasciata istanza database a user
2026-01-19T00:09:46+00:00 INFO ::1 user:- query=>SELECT * FROM USER WHERE email = ? LIMIT 1 Query eseguita con successo
2026-01-19T00:09:46+00:00 WARNING ::1 user:- email=>alice@uninotes.it Login fallito - credenziali non valide
2026-01-19T00:09:46+00:00 INFO ::1 user:- method=>GET path=>/login route=>/login params=> Route matched
2026-01-19T00:11:56+00:00 INFO ::1 user:- method=>POST path=>/login route=>/login params=> Route matched
2026-01-19T00:11:56+00:00 INFO ::1 user:- email=>alice@uninotes.it Tentativo di login
2026-01-19T00:11:56+00:00 INFO ::1 user:- condition=>{"column":"email","operator":"=","value":"alice@uninotes.it","and":true} Aggiunta condizione where con successo
2026-01-19T00:11:56+00:00 INFO ::1 user:- condition=>LIMIT 1 Aggiunta condizione where con successo
2026-01-19T00:11:56+00:00 INFO ::1 user:- host=>localhost port=>3306 database=>uninotes Connessione al database riuscita
2026-01-19T00:11:56+00:00 INFO ::1 user:- - Rilasciata istanza database a user
2026-01-19T00:11:56+00:00 INFO ::1 user:- query=>SELECT * FROM USER WHERE email = ? LIMIT 1 Query eseguita con successo
2026-01-19T00:11:56+00:00 WARNING ::1 user:- email=>alice@uninotes.it Login fallito - credenziali non valide
2026-01-19T00:11:56+00:00 INFO ::1 user:- method=>GET path=>/login route=>/login params=> Route matched
2026-01-19T00:12:00+00:00 INFO ::1 user:- method=>GET path=>/login route=>/login params=> Route matched
2026-01-19T00:12:02+00:00 INFO ::1 user:- method=>GET path=>/login route=>/login params=> Route matched
2026-01-19T00:12:03+00:00 INFO ::1 user:- method=>GET path=>/register route=>/register params=> Route matched
2026-01-19T00:12:05+00:00 INFO ::1 user:- method=>GET path=>/login route=>/login params=> Route matched
2026-01-19T00:12:19+00:00 INFO ::1 user:- method=>POST path=>/login route=>/login params=> Route matched
2026-01-19T00:12:19+00:00 INFO ::1 user:- email=>alice@uninotes.it Tentativo di login
2026-01-19T00:12:19+00:00 INFO ::1 user:- condition=>{"column":"email","operator":"=","value":"alice@uninotes.it","and":true} Aggiunta condizione where con successo
2026-01-19T00:12:19+00:00 INFO ::1 user:- condition=>LIMIT 1 Aggiunta condizione where con successo
2026-01-19T00:12:19+00:00 INFO ::1 user:- host=>localhost port=>3306 database=>uninotes Connessione al database riuscita
2026-01-19T00:12:19+00:00 INFO ::1 user:- - Rilasciata istanza database a user
2026-01-19T00:12:19+00:00 INFO ::1 user:- query=>SELECT * FROM USER WHERE email = ? LIMIT 1 Query eseguita con successo
2026-01-19T00:12:19+00:00 WARNING ::1 user:- email=>alice@uninotes.it Login fallito - credenziali non valide
2026-01-19T00:12:19+00:00 INFO ::1 user:- method=>GET path=>/login route=>/login params=> Route matched
2026-01-19T00:16:09+00:00 INFO ::1 user:- method=>GET path=>/register route=>/register params=> Route matched
2026-01-19T00:16:23+00:00 INFO ::1 user:- method=>POST path=>/register route=>/register params=> Route matched
2026-01-19T00:16:23+00:00 INFO ::1 user:- email=>alice@uninotes.it name=>Alice Tentativo di registrazione
2026-01-19T00:16:24+00:00 INFO ::1 user:- method=>GET path=>/register route=>/register params=> Route matched
2026-01-19T00:20:19+00:00 INFO ::1 user:- method=>GET path=>/login route=>/login params=> Route matched
2026-01-19T00:20:25+00:00 INFO ::1 user:- method=>POST path=>/login route=>/login params=> Route matched
2026-01-19T00:20:25+00:00 INFO ::1 user:- email=>lice@uninotes.it Tentativo di login
2026-01-19T00:20:25+00:00 INFO ::1 user:- condition=>{"column":"email","operator":"=","value":"lice@uninotes.it","and":true} Aggiunta condizione where con successo
2026-01-19T00:20:25+00:00 INFO ::1 user:- condition=>LIMIT 1 Aggiunta condizione where con successo
2026-01-19T00:20:25+00:00 INFO ::1 user:- host=>localhost port=>3306 database=>uninotes Connessione al database riuscita
2026-01-19T00:20:25+00:00 INFO ::1 user:- - Rilasciata istanza database a user
2026-01-19T00:20:25+00:00 INFO ::1 user:- query=>SELECT * FROM USER WHERE email = ? LIMIT 1 Query eseguita con successo
2026-01-19T00:20:25+00:00 WARNING ::1 user:- email=>lice@uninotes.it Login fallito - credenziali non valide
2026-01-19T00:20:25+00:00 INFO ::1 user:- method=>GET path=>/login route=>/login params=> Route matched
2026-01-19T00:20:33+00:00 INFO ::1 user:- method=>GET path=>/register route=>/register params=> Route matched
2026-01-19T00:20:54+00:00 INFO ::1 user:- method=>POST path=>/register route=>/register params=> Route matched
2026-01-19T00:20:54+00:00 INFO ::1 user:- email=>sbrunelli01@gmail.com name=>simone Tentativo di registrazione
2026-01-19T00:20:54+00:00 INFO ::1 user:- method=>GET path=>/register route=>/register params=> Route matched
2026-01-19T00:22:27+00:00 INFO ::1 user:- method=>GET path=>/register route=>/register params=> Route matched
2026-01-19T00:22:47+00:00 INFO ::1 user:- method=>POST path=>/register route=>/register params=> Route matched
2026-01-19T00:22:47+00:00 INFO ::1 user:- method=>POST === INIZIO register() ===
2026-01-19T00:22:47+00:00 INFO ::1 user:- name=>simo email=>sburelli01@gmail.com password_length=>10 password_confirm_length=>0 Dati registrazione ricevuti
2026-01-19T00:22:47+00:00 WARNING ::1 user:- errors=>["Le password non coincidono"] Registrazione fallita - validazione
2026-01-19T00:22:47+00:00 INFO ::1 user:- method=>GET path=>/register route=>/register params=> Route matched
2026-01-19T00:23:11+00:00 INFO ::1 user:- method=>POST path=>/register route=>/register params=> Route matched
2026-01-19T00:23:11+00:00 INFO ::1 user:- method=>POST === INIZIO register() ===
2026-01-19T00:23:11+00:00 INFO ::1 user:- name=>s email=>s@gmail.com password_length=>10 password_confirm_length=>0 Dati registrazione ricevuti
2026-01-19T00:23:11+00:00 WARNING ::1 user:- errors=>["Le password non coincidono"] Registrazione fallita - validazione
2026-01-19T00:23:11+00:00 INFO ::1 user:- method=>GET path=>/register route=>/register params=> Route matched
2026-01-19T00:25:17+00:00 INFO ::1 user:- method=>POST path=>/register route=>/register params=> Route matched
2026-01-19T00:25:17+00:00 INFO ::1 user:- method=>POST === INIZIO register() ===
2026-01-19T00:25:17+00:00 INFO ::1 user:- name=>s email=>s@gmail.com password_length=>10 password_confirm_length=>10 Dati registrazione ricevuti
2026-01-19T00:25:17+00:00 INFO ::1 user:- - Validazione OK, procedo con insert
2026-01-19T00:25:17+00:00 INFO ::1 user:- - Controllo email esistente
2026-01-19T00:25:17+00:00 INFO ::1 user:- condition=>{"column":"email","operator":"=","value":"s@gmail.com","and":true} Aggiunta condizione where con successo
2026-01-19T00:25:17+00:00 INFO ::1 user:- condition=>LIMIT 1 Aggiunta condizione where con successo
2026-01-19T00:25:17+00:00 INFO ::1 user:- host=>localhost port=>3306 database=>uninotes Connessione al database riuscita
2026-01-19T00:25:17+00:00 INFO ::1 user:- - Rilasciata istanza database a user
2026-01-19T00:25:17+00:00 INFO ::1 user:- query=>SELECT * FROM USER WHERE email = ? LIMIT 1 Query eseguita con successo
2026-01-19T00:25:17+00:00 INFO ::1 user:- - Email disponibile, genero hash
2026-01-19T00:25:17+00:00 INFO ::1 user:- hash_length=>60 hash_preview=>$2y$10$wjnrOCpuzERFx Hash generato
2026-01-19T00:25:17+00:00 INFO ::1 user:- data_keys=>["name","email","password_hash","role","reputation"] Tentativo insert utente
2026-01-19T00:25:17+00:00 INFO ::1 user:- - Rilasciata istanza database a user
2026-01-19T00:25:17+00:00 WARNING ::1 user:- id=>100 Entry inserita con successo
2026-01-19T00:25:17+00:00 INFO ::1 user:- user_id=>100 result_type=>string Insert completato
2026-01-19T00:25:17+00:00 INFO ::1 user:- user_id=>100 email=>s@gmail.com Registrazione completata con successo
2026-01-19T00:25:17+00:00 INFO ::1 user:- method=>GET path=>/login route=>/login params=> Route matched
2026-01-19T00:25:49+00:00 INFO ::1 user:- method=>POST path=>/login route=>/login params=> Route matched
2026-01-19T00:25:49+00:00 INFO ::1 user:- email=>s@gmail.com Tentativo di login
2026-01-19T00:25:49+00:00 INFO ::1 user:- condition=>{"column":"email","operator":"=","value":"s@gmail.com","and":true} Aggiunta condizione where con successo
2026-01-19T00:25:49+00:00 INFO ::1 user:- condition=>LIMIT 1 Aggiunta condizione where con successo
2026-01-19T00:25:49+00:00 INFO ::1 user:- host=>localhost port=>3306 database=>uninotes Connessione al database riuscita
2026-01-19T00:25:49+00:00 INFO ::1 user:- - Rilasciata istanza database a user
2026-01-19T00:25:49+00:00 INFO ::1 user:- query=>SELECT * FROM USER WHERE email = ? LIMIT 1 Query eseguita con successo
2026-01-19T00:25:49+00:00 INFO ::1 user:- user_found=>true user_id=>100 user_email=>s@gmail.com Debug login
2026-01-19T00:25:49+00:00 INFO ::1 user:- user_id=>100 email=>s@gmail.com Utente loggato
2026-01-19T00:25:49+00:00 INFO ::1 user:- user_id=>100 email=>s@gmail.com role=>student Login riuscito
2026-01-19T00:25:49+00:00 INFO ::1 user:- method=>GET path=>/ route=>/ params=> Route matched
2026-01-19T00:33:20+00:00 INFO ::1 user:- method=>GET path=>/ route=>/ params=> Route matched
2026-01-19T00:33:23+00:00 INFO ::1 user:- method=>GET path=>/login route=>/login params=> Route matched
2026-01-19T00:33:35+00:00 INFO ::1 user:- method=>POST path=>/login route=>/login params=> Route matched
2026-01-19T00:33:35+00:00 INFO ::1 user:- email=>s@gmail.com Tentativo di login
2026-01-19T00:33:35+00:00 INFO ::1 user:- condition=>{"column":"email","operator":"=","value":"s@gmail.com","and":true} Aggiunta condizione where con successo
2026-01-19T00:33:35+00:00 INFO ::1 user:- condition=>LIMIT 1 Aggiunta condizione where con successo
2026-01-19T00:33:35+00:00 INFO ::1 user:- host=>localhost port=>3306 database=>uninotes Connessione al database riuscita
2026-01-19T00:33:35+00:00 INFO ::1 user:- - Rilasciata istanza database a user
2026-01-19T00:33:35+00:00 INFO ::1 user:- query=>SELECT * FROM USER WHERE email = ? LIMIT 1 Query eseguita con successo
2026-01-19T00:33:35+00:00 INFO ::1 user:- user_found=>true user_id=>100 user_email=>s@gmail.com Debug login
2026-01-19T00:33:35+00:00 INFO ::1 user:- user_id=>100 email=>s@gmail.com Utente loggato
2026-01-19T00:33:35+00:00 INFO ::1 user:- user_id=>100 email=>s@gmail.com role=>student Login riuscito
2026-01-19T00:33:35+00:00 INFO ::1 user:- method=>GET path=>/ route=>/ params=> Route matched
2026-01-19T00:33:38+00:00 INFO ::1 user:- method=>GET path=>/ route=>/ params=> Route matched
2026-01-19T00:33:39+00:00 INFO ::1 user:- method=>GET path=>/login route=>/login params=> Route matched
2026-01-19T00:38:33+00:00 INFO ::1 user:- method=>GET path=>/ route=>/ params=> Route matched
